2020-06-28 23:15:12,631 INFO c.i.m.Main [restartedMain] Starting Main on DESKTOP-JTFU3NH with PID 53208 (C:\Users\ivanx\Desktop\Ironhack\midterm-project-bank\target\classes started by ivanx in C:\Users\ivanx\Desktop\Ironhack\midterm-project-bank)
2020-06-28 23:15:12,631 INFO c.i.m.Main [restartedMain] Starting Main on DESKTOP-JTFU3NH with PID 53208 (C:\Users\ivanx\Desktop\Ironhack\midterm-project-bank\target\classes started by ivanx in C:\Users\ivanx\Desktop\Ironhack\midterm-project-bank)
2020-06-28 23:15:12,663 DEBUG c.i.m.Main [restartedMain] Running with Spring Boot v2.3.1.RELEASE, Spring v5.2.7.RELEASE
2020-06-28 23:15:12,663 DEBUG c.i.m.Main [restartedMain] Running with Spring Boot v2.3.1.RELEASE, Spring v5.2.7.RELEASE
2020-06-28 23:15:12,679 INFO c.i.m.Main [restartedMain] No active profile set, falling back to default profiles: default
2020-06-28 23:15:12,679 INFO c.i.m.Main [restartedMain] No active profile set, falling back to default profiles: default
2020-06-28 23:15:39,324 INFO c.i.m.Main [restartedMain] Starting Main on DESKTOP-JTFU3NH with PID 31736 (C:\Users\ivanx\Desktop\Ironhack\midterm-project-bank\target\classes started by ivanx in C:\Users\ivanx\Desktop\Ironhack\midterm-project-bank)
2020-06-28 23:15:39,324 INFO c.i.m.Main [restartedMain] Starting Main on DESKTOP-JTFU3NH with PID 31736 (C:\Users\ivanx\Desktop\Ironhack\midterm-project-bank\target\classes started by ivanx in C:\Users\ivanx\Desktop\Ironhack\midterm-project-bank)
2020-06-28 23:15:39,349 DEBUG c.i.m.Main [restartedMain] Running with Spring Boot v2.3.1.RELEASE, Spring v5.2.7.RELEASE
2020-06-28 23:15:39,349 DEBUG c.i.m.Main [restartedMain] Running with Spring Boot v2.3.1.RELEASE, Spring v5.2.7.RELEASE
2020-06-28 23:15:39,352 INFO c.i.m.Main [restartedMain] No active profile set, falling back to default profiles: default
2020-06-28 23:15:39,352 INFO c.i.m.Main [restartedMain] No active profile set, falling back to default profiles: default
2020-06-28 23:15:42,865 INFO c.i.m.Main [restartedMain] Started Main in 3.788 seconds (JVM running for 5.399)
2020-06-28 23:15:42,865 INFO c.i.m.Main [restartedMain] Started Main in 3.788 seconds (JVM running for 5.399)
2020-06-28 23:17:36,920 INFO c.i.m.Main [restartedMain] Starting Main on DESKTOP-JTFU3NH with PID 31292 (C:\Users\ivanx\Desktop\Ironhack\midterm-project-bank\target\classes started by ivanx in C:\Users\ivanx\Desktop\Ironhack\midterm-project-bank)
2020-06-28 23:17:36,945 INFO c.i.m.Main [restartedMain] No active profile set, falling back to default profiles: default
2020-06-28 23:17:36,986 INFO o.s.b.d.e.DevToolsPropertyDefaultsPostProcessor [restartedMain] Devtools property defaults active! Set 'spring.devtools.add-properties' to 'false' to disable
2020-06-28 23:17:36,988 INFO o.s.b.d.e.DevToolsPropertyDefaultsPostProcessor [restartedMain] For additional web related logging consider setting the 'logging.level.web' property to 'DEBUG'
2020-06-28 23:17:38,112 INFO o.s.c.s.PostProcessorRegistrationDelegate$BeanPostProcessorChecker [restartedMain] Bean 'org.springframework.security.access.expression.method.DefaultMethodSecurityExpressionHandler@9c05ac' of type [org.springframework.security.access.expression.method.DefaultMethodSecurityExpressionHandler] is not eligible for getting processed by all BeanPostProcessors (for example: not eligible for auto-proxying)
2020-06-28 23:17:38,124 INFO o.s.c.s.PostProcessorRegistrationDelegate$BeanPostProcessorChecker [restartedMain] Bean 'methodSecurityMetadataSource' of type [org.springframework.security.access.method.DelegatingMethodSecurityMetadataSource] is not eligible for getting processed by all BeanPostProcessors (for example: not eligible for auto-proxying)
2020-06-28 23:17:38,357 INFO o.s.b.w.e.t.TomcatWebServer [restartedMain] Tomcat initialized with port(s): 8080 (http)
2020-06-28 23:17:38,472 INFO o.s.b.w.s.c.ServletWebServerApplicationContext [restartedMain] Root WebApplicationContext: initialization completed in 1482 ms
2020-06-28 23:17:38,620 INFO o.s.s.c.ThreadPoolTaskExecutor [restartedMain] Initializing ExecutorService 'applicationTaskExecutor'
2020-06-28 23:17:38,665 INFO o.h.j.i.u.LogHelper [task-1] HHH000204: Processing PersistenceUnitInfo [name: default]
2020-06-28 23:17:38,707 INFO o.h.Version [task-1] HHH000412: Hibernate ORM core version 5.4.17.Final
2020-06-28 23:17:38,768 WARN o.s.b.a.o.j.JpaBaseConfiguration$JpaWebConfiguration [restartedMain] spring.jpa.open-in-view is enabled by default. Therefore, database queries may be performed during view rendering. Explicitly configure spring.jpa.open-in-view to disable this warning
2020-06-28 23:17:38,814 INFO o.h.a.c.Version [task-1] HCANN000001: Hibernate Commons Annotations {5.1.0.Final}
2020-06-28 23:17:39,121 INFO o.h.d.Dialect [task-1] HHH000400: Using dialect: org.hibernate.dialect.MySQL8Dialect
2020-06-28 23:17:39,180 INFO o.s.s.w.DefaultSecurityFilterChain [restartedMain] Creating filter chain: any request, [org.springframework.security.web.context.request.async.WebAsyncManagerIntegrationFilter@68c4b654, org.springframework.security.web.context.SecurityContextPersistenceFilter@13fad1f0, org.springframework.security.web.header.HeaderWriterFilter@7a8cfd5e, org.springframework.security.web.authentication.logout.LogoutFilter@732afe8d, org.springframework.security.web.authentication.www.BasicAuthenticationFilter@48164028, org.springframework.security.web.savedrequest.RequestCacheAwareFilter@57797a03, org.springframework.security.web.servletapi.SecurityContextHolderAwareRequestFilter@3c2aef29, org.springframework.security.web.authentication.AnonymousAuthenticationFilter@619bd7af, org.springframework.security.web.session.SessionManagementFilter@675c0e6f, org.springframework.security.web.access.ExceptionTranslationFilter@174346c3, org.springframework.security.web.access.intercept.FilterSecurityInterceptor@1457d9dc]
2020-06-28 23:17:39,227 INFO o.s.b.d.a.OptionalLiveReloadServer [restartedMain] LiveReload server is running on port 35729
2020-06-28 23:17:39,271 INFO o.s.b.w.e.t.TomcatWebServer [restartedMain] Tomcat started on port(s): 8080 (http) with context path ''
2020-06-28 23:17:40,066 INFO o.h.e.t.j.p.i.JtaPlatformInitiator [task-1] HHH000490: Using JtaPlatform implementation: [org.hibernate.engine.transaction.jta.platform.internal.NoJtaPlatform]
2020-06-28 23:17:40,074 INFO o.s.o.j.LocalContainerEntityManagerFactoryBean [task-1] Initialized JPA EntityManagerFactory for persistence unit 'default'
2020-06-28 23:17:40,416 INFO c.i.m.Main [restartedMain] Started Main in 3.805 seconds (JVM running for 6.066)
2020-06-28 23:18:00,527 INFO o.s.w.s.DispatcherServlet [http-nio-8080-exec-2] Initializing Servlet 'dispatcherServlet'
2020-06-28 23:18:00,536 INFO o.s.w.s.DispatcherServlet [http-nio-8080-exec-2] Completed initialization in 7 ms
2020-06-28 23:18:01,132 INFO o.h.o.bytecode [http-nio-8080-exec-2] This is info message
2020-06-28 23:18:01,760 INFO o.h.o.bytecode [http-nio-8080-exec-3] This is info message
2020-06-28 23:18:02,404 INFO o.h.o.bytecode [http-nio-8080-exec-4] This is info message
2020-06-28 23:18:02,954 INFO o.h.o.bytecode [http-nio-8080-exec-5] This is info message
2020-06-28 23:18:03,552 INFO o.h.o.bytecode [http-nio-8080-exec-6] This is info message
2020-06-28 23:18:03,919 INFO o.h.o.bytecode [http-nio-8080-exec-7] This is info message
2020-06-28 23:18:26,455 INFO o.s.o.j.LocalContainerEntityManagerFactoryBean [Thread-196] Closing JPA EntityManagerFactory for persistence unit 'default'
2020-06-28 23:18:26,458 INFO o.s.s.c.ThreadPoolTaskExecutor [Thread-196] Shutting down ExecutorService 'applicationTaskExecutor'
2020-06-28 23:18:26,596 INFO c.i.m.Main [restartedMain] Starting Main on DESKTOP-JTFU3NH with PID 31292 (C:\Users\ivanx\Desktop\Ironhack\midterm-project-bank\target\classes started by ivanx in C:\Users\ivanx\Desktop\Ironhack\midterm-project-bank)
2020-06-28 23:18:26,599 INFO c.i.m.Main [restartedMain] No active profile set, falling back to default profiles: default
2020-06-28 23:18:27,214 INFO o.s.c.s.PostProcessorRegistrationDelegate$BeanPostProcessorChecker [restartedMain] Bean 'org.springframework.security.access.expression.method.DefaultMethodSecurityExpressionHandler@7132b32' of type [org.springframework.security.access.expression.method.DefaultMethodSecurityExpressionHandler] is not eligible for getting processed by all BeanPostProcessors (for example: not eligible for auto-proxying)
2020-06-28 23:18:27,218 INFO o.s.c.s.PostProcessorRegistrationDelegate$BeanPostProcessorChecker [restartedMain] Bean 'methodSecurityMetadataSource' of type [org.springframework.security.access.method.DelegatingMethodSecurityMetadataSource] is not eligible for getting processed by all BeanPostProcessors (for example: not eligible for auto-proxying)
2020-06-28 23:18:27,303 INFO o.s.b.w.e.t.TomcatWebServer [restartedMain] Tomcat initialized with port(s): 8080 (http)
2020-06-28 23:18:27,356 INFO o.s.b.w.s.c.ServletWebServerApplicationContext [restartedMain] Root WebApplicationContext: initialization completed in 752 ms
2020-06-28 23:18:27,441 INFO o.s.s.c.ThreadPoolTaskExecutor [restartedMain] Initializing ExecutorService 'applicationTaskExecutor'
2020-06-28 23:18:27,458 INFO o.h.j.i.u.LogHelper [task-1] HHH000204: Processing PersistenceUnitInfo [name: default]
2020-06-28 23:18:27,482 INFO o.h.d.Dialect [task-1] HHH000400: Using dialect: org.hibernate.dialect.MySQL8Dialect
2020-06-28 23:18:27,556 WARN o.s.b.a.o.j.JpaBaseConfiguration$JpaWebConfiguration [restartedMain] spring.jpa.open-in-view is enabled by default. Therefore, database queries may be performed during view rendering. Explicitly configure spring.jpa.open-in-view to disable this warning
2020-06-28 23:18:27,760 INFO o.s.s.w.DefaultSecurityFilterChain [restartedMain] Creating filter chain: any request, [org.springframework.security.web.context.request.async.WebAsyncManagerIntegrationFilter@7544e1eb, org.springframework.security.web.context.SecurityContextPersistenceFilter@34975dd3, org.springframework.security.web.header.HeaderWriterFilter@d3e1968, org.springframework.security.web.authentication.logout.LogoutFilter@2fb4a723, org.springframework.security.web.authentication.www.BasicAuthenticationFilter@3bf94046, org.springframework.security.web.savedrequest.RequestCacheAwareFilter@3384ebb8, org.springframework.security.web.servletapi.SecurityContextHolderAwareRequestFilter@4e8c51f9, org.springframework.security.web.authentication.AnonymousAuthenticationFilter@6302e4c5, org.springframework.security.web.session.SessionManagementFilter@1c9e67d2, org.springframework.security.web.access.ExceptionTranslationFilter@31f6dc4d, org.springframework.security.web.access.intercept.FilterSecurityInterceptor@f80b9a2]
2020-06-28 23:18:27,795 INFO o.s.b.d.a.OptionalLiveReloadServer [restartedMain] LiveReload server is running on port 35729
2020-06-28 23:18:27,813 INFO o.s.b.w.e.t.TomcatWebServer [restartedMain] Tomcat started on port(s): 8080 (http) with context path ''
2020-06-28 23:18:27,881 INFO o.h.e.t.j.p.i.JtaPlatformInitiator [task-1] HHH000490: Using JtaPlatform implementation: [org.hibernate.engine.transaction.jta.platform.internal.NoJtaPlatform]
2020-06-28 23:18:27,882 INFO o.s.o.j.LocalContainerEntityManagerFactoryBean [task-1] Initialized JPA EntityManagerFactory for persistence unit 'default'
2020-06-28 23:18:28,052 INFO c.i.m.Main [restartedMain] Started Main in 1.507 seconds (JVM running for 53.7)
2020-06-28 23:18:28,055 INFO o.s.b.d.a.ConditionEvaluationDeltaLoggingListener [restartedMain] Condition evaluation unchanged
